* 0.141599:*:cli:run!: doom sync
* 0.141756:*:cli:context-parse: found command (doom)
* 0.142282:*:cli:load: autoload /Users/fanzhiwen/.config/emacs/lisp/cli/sync.el
* 0.142350:*:cli:load: ~/.config/emacs/lisp/cli/sync.el nil
* 0.143628:*:cli:load: ~/.config/emacs/lisp/cli/packages nil
* 0.181150:*:cli:context-parse: found command (doom sync)
* 0.181640:*:cli:context-execute: doom sync
* 0.182153:*:cli:execute: (:before) ((input) (context . #s(doom-cli-context (25814 30822 177253 0) 43737 0 (80 . 24) nil nil doom nil nil (doom sync) nil (sync) ((--jobs) (-j) (-p) (-u) (-c) (-e) (--eval) (-E) (--strict-load) (--load) (-L) (--color) (--benchmark) (--profile) (--pager) (--emacsdir) (--doomdir) (--verbose) (-v) (--debug) (-D) (--force) (-!)) ((t) ((doom sync)) ((doom) sync))  *doom-cli stdin*  *doom-cli stdout*  *doom-cli stderr* nil)) (_) (evals) (loads) (color?) (bench?) (profile) (pager) (emacsdir) (doomdir) (verbose?) (debug?) (force?))
* 0.182247:*:cli:execute: (:before doom build) nil
* 0.182295:*:cli:Initializing straight
* 0.182362::context: +packages (cli t)
* 0.182400::context:module: =[0 -110 -110 :core nil nil nil]
* 0.236051:*:cli:Initializing recipes
* 0.239478:*:cli:Installing core packages
* 0.239546:*:cli:execute: (doom sync) ((jobs) (purge?) (update?) (noelc?) (noenvvar?))
* 0.239809:*:cli:call: (doom sync) -> (doom profiles sync --reload)
* 0.239940:*:cli:context-parse: found command (doom)
* 0.240397:*:cli:load: autoload /Users/fanzhiwen/.config/emacs/lisp/cli/profiles.el
* 0.240465:*:cli:load: ~/.config/emacs/lisp/cli/profiles.el nil
* 0.248945:*:cli:context-parse: found command (doom profiles)
* 0.249467:*:cli:context-parse: found command (doom profiles sync)
* 0.249936:*:cli:context-parse: found switch "--reload"
* 0.250603:*:cli:context-execute: doom profiles sync
* 0.251141:*:cli:execute: (:before) ((input) (context . #s(doom-cli-context (25814 30822 177253 0) 43737 0 (80 . 24) nil nil doom nil nil (doom profiles sync) nil (sync) ((--reload . --reload) (--jobs) (-j) (-p) (-u) (-c) (-e) (--eval) (-E) (--strict-load) (--load) (-L) (--color) (--benchmark) (--profile) (--pager) (--emacsdir) (--doomdir) (--verbose) (-v) (--debug) (-D) (--force) (-!)) ((t) ((doom profiles sync) --reload) ((doom profiles) sync --reload) ((doom) profiles sync --reload))  *doom-cli stdin*  *doom-cli stdout*  *doom-cli stderr* nil)) (_) (evals) (loads) (color?) (bench?) (profile) (pager) (emacsdir) (doomdir) (verbose?) (debug?) (force?))
* 0.251231:*:cli:execute: (doom profiles sync) ((reload? . --reload))
  * 0.254764:*:cli:Profiles are up-to-date!
> Synchronizing "default" profile...
  * 0.256647:*:cli:call: (doom profiles sync) -> (doom env)
  * 0.256940:*:cli:context-parse: found command (doom)
  * 0.257854:*:cli:load: autoload /Users/fanzhiwen/.config/emacs/lisp/cli/env.el
  * 0.257979:*:cli:load: ~/.config/emacs/lisp/cli/env.el nil
  * 0.263783:*:cli:context-parse: found command (doom env)
  * 0.264468:*:cli:context-execute: doom env
  * 0.265114:*:cli:execute: (:before) ((input) (context . #s(doom-cli-context (25814 30822 177253 0) 43737 0 (80 . 24) nil nil doom nil nil (doom env) nil (sync) ((--deny) (-d) (--allow) (-a) (-o) (--deny-all) (--allow-all) (--reload . --reload) (--jobs) (-j) (-p) (-u) (-c) (-e) (--eval) (-E) (--strict-load) (--load) (-L) (--color) (--benchmark) (--profile) (--pager) (--emacsdir) (--doomdir) (--verbose) (-v) (--debug) (-D) (--force) (-!)) ((t) ((doom env)) ((doom) env))  *doom-cli stdin*  *doom-cli stdout*  *doom-cli stderr* nil)) (_) (evals) (loads) (color?) (bench?) (profile) (pager) (emacsdir) (doomdir) (verbose?) (debug?) (force?))
  * 0.265292:*:cli:execute: (doom env) ((rules) (output-file) (deny-only) (allow-only))
  > Regenerating envvars file
    * 0.267618:*:cli:cli:env: deny __DOOMSTEP
    * 0.267971:*:cli:cli:env: deny __DOOMPIPE
    * 0.268233:*:cli:cli:env: deny __DOOMGPIPE
    * 0.268367:*:cli:cli:env: deny HOME
    * 0.268428:*:cli:cli:env: deny SHLVL
    * 0.268942:*:cli:cli:env: deny PWD
    * 0.269017:*:cli:cli:env: deny __CFBundleIdentifier
    * 0.269418:*:cli:cli:env: deny __CF_USER_TEXT_ENCODING
    * 0.269543:*:cli:cli:env: deny SSH_AUTH_SOCK
    * 0.269740:*:cli:cli:env: deny USER
    * 0.270127:*:cli:cli:env: deny TERM
    * 0.270241:*:cli:cli:env: deny __DOOMPID
    * 0.270517:*:cli:cli:env: deny __DOOMGEOM
    ✓ Generated ~/.config/emacs/.local/env
  * 0.272539:*:cli:Initializing package.el
  * 0.310045:*:cli:Initializing straight.el
  * 0.310318::context: +packages (cli t)
  * 0.310364::context:module: =[1 105 -105 :user nil nil nil]
  * 0.310656::context:module: =[2 -111 -111 :config use-package nil nil]
  * 0.311637::context:module: =[0 -110 -110 :core nil nil nil]
  * 0.323170::context:module: =[1 105 -105 :user nil nil nil]
  * 0.323505::context:module: =[3 0 0 :completion company nil nil]
  * 0.324944::context:module: =[4 0 0 :completion vertico nil nil]
  * 0.329875::context:module: =[5 0 0 :ui doom nil nil]
  * 0.331071::context:module: =[6 0 0 :ui doom-dashboard nil nil]
  * 0.331164::context:module: =[7 0 0 :ui hl-todo nil nil]
  * 0.331875::context:module: =[8 0 0 :ui modeline nil nil]
  * 0.333469::context:module: =[9 0 0 :ui ophints nil nil]
  * 0.334414::context:module: =[10 0 0 :ui popup (+defaults) nil]
  * 0.334489::context:module: =[11 0 0 :ui vc-gutter (+pretty) nil]
  * 0.335434::context:module: =[12 0 0 :ui vi-tilde-fringe nil nil]
  * 0.336227::context:module: =[13 0 0 :ui workspaces nil nil]
  * 0.336943::context:module: =[14 0 0 :editor evil (+everywhere) nil]
  * 0.345363::context:module: =[15 0 0 :editor file-templates nil nil]
  * 0.346161::context:module: =[16 0 0 :editor fold nil nil]
  * 0.348071::context:module: =[17 0 0 :editor snippets nil nil]
  * 0.349822::context:module: =[18 0 0 :emacs dired nil nil]
  * 0.352603::context:module: =[19 0 0 :emacs electric nil nil]
  * 0.352694::context:module: =[20 0 0 :emacs undo nil nil]
  * 0.354499::context:module: =[21 0 0 :emacs vc nil nil]
  * 0.357847::context:module: =[22 0 0 :checkers syntax nil nil]
  * 0.359748::context:module: =[23 0 0 :tools eval (+overlay) nil]
  * 0.360910::context:module: =[24 0 0 :tools lookup nil nil]
  * 0.364951::context:module: =[25 0 0 :tools magit nil nil]
  * 0.366834::context:module: =[26 0 0 :os macos nil nil]
  * 0.367995::context:module: =[27 0 0 :lang emacs-lisp nil nil]
  * 0.372250::context:module: =[28 0 0 :lang markdown nil nil]
  * 0.374547::context:module: =[29 0 0 :lang org nil nil]
  * 0.398364::context:module: =[30 0 0 :lang sh nil nil]
  * 0.399837::context:module: =[31 0 0 :config default (+bindings +smartparens) nil]
  * 0.401778::context:module: =[1 105 -105 :user nil nil nil]
  > Installing packages...
    - Checked out compat: be1d94d5e0e2fc9f02d2cd240d255c3a43037ba3
    > Building compat...
      INFO     Scraping files for loaddefs... 
      INFO     Scraping files for loaddefs...done
    - Checked out vundo: 26c929229ae03b8d942907541f0844988b36d0ce
    > Building vundo...
      INFO     Scraping files for loaddefs... 
      INFO     Scraping files for loaddefs...done
      GEN      vundo-autoloads.el
    - Checked out dired-git-info: 9461476a28a5fec0784260f6e318237c662c3430
    > Building dired-git-info...
      INFO     Scraping files for loaddefs... 
      INFO     Scraping files for loaddefs...done
      GEN      dired-git-info-autoloads.el
    - Checked out project: e086bdc7c515f8bfc22598d473ba888ba7683f0c
    > Building project...
      INFO     Scraping files for loaddefs... 
      INFO     Scraping files for loaddefs...done
      GEN      project-autoloads.el
    ✓ Installed 4 packages
  > (Re)building packages...
    - No packages need rebuilding
  > Purging orphaned packages (for the emperor)...
    - Skipping builds
    - Skipping elpa packages
    - Skipping repos
    - Skipping regrafting
  > (Re)building profile in /Users/fanzhiwen/.config/emacs/.local/etc/@/...
    > Deleting old init files...
    > Generating 4 init files...
    > Byte-compiling ~/.config/emacs/.local/etc/@init.29.el...
    ✓ Built init.29.elc
  - Restart Emacs or use 'M-x doom/reload' for changes to take effect
* 2.736190:*:cli:Finished (GCs: 1, elapsed: 0.008398s)
* 2.736190:*:cli:Finished (GCs: 1, elapsed: 0.008398s)
