* 0.280654:*:cli:run!: doom sync
* 0.280809:*:cli:context-parse: found command (doom)
* 0.281315:*:cli:load: autoload /Users/fanzhiwen/.config/emacs/lisp/cli/sync.el
* 0.281385:*:cli:load: ~/.config/emacs/lisp/cli/sync.el nil
* 0.282186:*:cli:load: ~/.config/emacs/lisp/cli/packages nil
* 0.357348:*:cli:context-parse: found command (doom sync)
* 0.357844:*:cli:context-execute: doom sync
* 0.358353:*:cli:execute: (:before) ((input) (context . #s(doom-cli-context (25814 31605 57925 0) 46532 0 (80 . 24) nil nil doom nil nil (doom sync) nil (sync) ((--jobs) (-j) (-p) (-u) (-c) (-e) (--eval) (-E) (--strict-load) (--load) (-L) (--color) (--benchmark) (--profile) (--pager) (--emacsdir) (--doomdir) (--verbose) (-v) (--debug) (-D) (--force) (-!)) ((t) ((doom sync)) ((doom) sync))  *doom-cli stdin*  *doom-cli stdout*  *doom-cli stderr* nil)) (_) (evals) (loads) (color?) (bench?) (profile) (pager) (emacsdir) (doomdir) (verbose?) (debug?) (force?))
* 0.358443:*:cli:execute: (:before doom build) nil
* 0.358487:*:cli:Initializing straight
* 0.358554::context: +packages (cli t)
* 0.358596::context:module: =[0 -110 -110 :core nil nil nil]
* 0.446347:*:cli:Initializing recipes
* 0.451733:*:cli:Installing core packages
* 0.451815:*:cli:execute: (doom sync) ((jobs) (purge?) (update?) (noelc?) (noenvvar?))
* 0.452100:*:cli:call: (doom sync) -> (doom profiles sync --reload)
* 0.452242:*:cli:context-parse: found command (doom)
* 0.452953:*:cli:load: autoload /Users/fanzhiwen/.config/emacs/lisp/cli/profiles.el
* 0.453047:*:cli:load: ~/.config/emacs/lisp/cli/profiles.el nil
* 0.460089:*:cli:context-parse: found command (doom profiles)
* 0.460558:*:cli:context-parse: found command (doom profiles sync)
* 0.460994:*:cli:context-parse: found switch "--reload"
* 0.461599:*:cli:context-execute: doom profiles sync
* 0.462090:*:cli:execute: (:before) ((input) (context . #s(doom-cli-context (25814 31605 57925 0) 46532 0 (80 . 24) nil nil doom nil nil (doom profiles sync) nil (sync) ((--reload . --reload) (--jobs) (-j) (-p) (-u) (-c) (-e) (--eval) (-E) (--strict-load) (--load) (-L) (--color) (--benchmark) (--profile) (--pager) (--emacsdir) (--doomdir) (--verbose) (-v) (--debug) (-D) (--force) (-!)) ((t) ((doom profiles sync) --reload) ((doom profiles) sync --reload) ((doom) profiles sync --reload))  *doom-cli stdin*  *doom-cli stdout*  *doom-cli stderr* nil)) (_) (evals) (loads) (color?) (bench?) (profile) (pager) (emacsdir) (doomdir) (verbose?) (debug?) (force?))
* 0.462175:*:cli:execute: (doom profiles sync) ((reload? . --reload))
  * 0.464042:*:cli:Profiles are up-to-date!
> Synchronizing "default" profile...
  * 0.464996:*:cli:call: (doom profiles sync) -> (doom env)
  * 0.465205:*:cli:context-parse: found command (doom)
  * 0.465773:*:cli:load: autoload /Users/fanzhiwen/.config/emacs/lisp/cli/env.el
  * 0.465860:*:cli:load: ~/.config/emacs/lisp/cli/env.el nil
  * 0.469752:*:cli:context-parse: found command (doom env)
  * 0.470496:*:cli:context-execute: doom env
  * 0.470978:*:cli:execute: (:before) ((input) (context . #s(doom-cli-context (25814 31605 57925 0) 46532 0 (80 . 24) nil nil doom nil nil (doom env) nil (sync) ((--deny) (-d) (--allow) (-a) (-o) (--deny-all) (--allow-all) (--reload . --reload) (--jobs) (-j) (-p) (-u) (-c) (-e) (--eval) (-E) (--strict-load) (--load) (-L) (--color) (--benchmark) (--profile) (--pager) (--emacsdir) (--doomdir) (--verbose) (-v) (--debug) (-D) (--force) (-!)) ((t) ((doom env)) ((doom) env))  *doom-cli stdin*  *doom-cli stdout*  *doom-cli stderr* nil)) (_) (evals) (loads) (color?) (bench?) (profile) (pager) (emacsdir) (doomdir) (verbose?) (debug?) (force?))
  * 0.471065:*:cli:execute: (doom env) ((rules) (output-file) (deny-only) (allow-only))
  > Regenerating envvars file
    * 0.472168:*:cli:cli:env: deny __DOOMSTEP
    * 0.472776:*:cli:cli:env: deny __DOOMPIPE
    * 0.473152:*:cli:cli:env: deny __DOOMGPIPE
    * 0.473299:*:cli:cli:env: deny HOME
    * 0.473354:*:cli:cli:env: deny SHLVL
    * 0.473802:*:cli:cli:env: deny PWD
    * 0.473872:*:cli:cli:env: deny __CFBundleIdentifier
    * 0.474311:*:cli:cli:env: deny __CF_USER_TEXT_ENCODING
    * 0.474425:*:cli:cli:env: deny SSH_AUTH_SOCK
    * 0.474603:*:cli:cli:env: deny USER
    * 0.474962:*:cli:cli:env: deny TERM
    * 0.475067:*:cli:cli:env: deny __DOOMPID
    * 0.475306:*:cli:cli:env: deny __DOOMGEOM
    ✓ Generated ~/.config/emacs/.local/env
  * 0.477956:*:cli:Initializing package.el
  * 0.578573:*:cli:Initializing straight.el
  * 0.578862::context: +packages (cli t)
  * 0.578912::context:module: =[1 105 -105 :user nil nil nil]
  * 0.579700::context:module: =[2 -111 -111 :config use-package nil nil]
  * 0.581125::context:module: =[0 -110 -110 :core nil nil nil]
  * 0.595292::context:module: =[1 105 -105 :user nil nil nil]
  * 0.595611::context:module: =[3 0 0 :completion company nil nil]
  * 0.597901::context:module: =[4 0 0 :completion vertico nil nil]
  * 0.605069::context:module: =[5 0 0 :ui doom nil nil]
  * 0.607054::context:module: =[6 0 0 :ui doom-dashboard nil nil]
  * 0.607169::context:module: =[7 0 0 :ui hl-todo nil nil]
  * 0.608658::context:module: =[8 0 0 :ui modeline nil nil]
  * 0.610910::context:module: =[9 0 0 :ui ophints nil nil]
  * 0.613184::context:module: =[10 0 0 :ui popup (+defaults) nil]
  * 0.613315::context:module: =[11 0 0 :ui vc-gutter (+pretty) nil]
  * 0.615487::context:module: =[12 0 0 :ui vi-tilde-fringe nil nil]
  * 0.617639::context:module: =[13 0 0 :ui workspaces nil nil]
  * 0.619377::context:module: =[14 0 0 :editor evil (+everywhere) nil]
  * 0.630354::context:module: =[15 0 0 :editor file-templates nil nil]
  * 0.631839::context:module: =[16 0 0 :editor fold nil nil]
  * 0.635284::context:module: =[17 0 0 :editor snippets nil nil]
  * 0.638323::context:module: =[18 0 0 :emacs dired nil nil]
  * 0.642269::context:module: =[19 0 0 :emacs electric nil nil]
  * 0.642379::context:module: =[20 0 0 :emacs undo nil nil]
  * 0.645370::context:module: =[21 0 0 :emacs vc nil nil]
  * 0.649978::context:module: =[22 0 0 :checkers syntax nil nil]
  * 0.655488::context:module: =[23 0 0 :tools eval (+overlay) nil]
  * 0.658160::context:module: =[24 0 0 :tools lookup nil nil]
  * 0.664009::context:module: =[25 0 0 :tools magit nil nil]
  * 0.666805::context:module: =[26 0 0 :os macos nil nil]
  * 0.669543::context:module: =[27 0 0 :lang emacs-lisp nil nil]
  * 0.675019::context:module: =[28 0 0 :lang markdown nil nil]
  * 0.679273::context:module: =[29 0 0 :lang org nil nil]
  * 0.698879::context:module: =[30 0 0 :lang sh nil nil]
  * 0.700736::context:module: =[31 0 0 :config default (+bindings +smartparens) nil]
  * 0.703407::context:module: =[1 105 -105 :user nil nil nil]
  > Installing packages...
    - No packages need to be installed
  > (Re)building packages...
    - No packages need rebuilding
  > Purging orphaned packages (for the emperor)...
    - Skipping builds
    - Skipping elpa packages
    - Skipping repos
    - Skipping regrafting
  > (Re)building profile in /Users/fanzhiwen/.config/emacs/.local/etc/@/...
    > Deleting old init files...
    > Generating 4 init files...
    > Byte-compiling ~/.config/emacs/.local/etc/@init.29.el...
    ✓ Built init.29.elc
  - Restart Emacs or use 'M-x doom/reload' for changes to take effect
* 2.090553:*:cli:Finished (GCs: 1, elapsed: 0.008827s)
* 2.090553:*:cli:Finished (GCs: 1, elapsed: 0.008827s)
