* 0.115934:*:cli:run!: doom sync
* 0.116084:*:cli:context-parse: found command (doom)
* 0.116592:*:cli:load: autoload /Users/fanzhiwen/.config/emacs/lisp/cli/sync.el
* 0.116656:*:cli:load: ~/.config/emacs/lisp/cli/sync.el nil
* 0.116997:*:cli:load: ~/.config/emacs/lisp/cli/packages nil
* 0.152991:*:cli:context-parse: found command (doom sync)
* 0.153489:*:cli:context-execute: doom sync
* 0.154001:*:cli:execute: (:before) ((input) (context . #s(doom-cli-context (25814 32019 842452 0) 47422 0 (80 . 24) nil nil doom nil nil (doom sync) nil (sync) ((--jobs) (-j) (-p) (-u) (-c) (-e) (--eval) (-E) (--strict-load) (--load) (-L) (--color) (--benchmark) (--profile) (--pager) (--emacsdir) (--doomdir) (--verbose) (-v) (--debug) (-D) (--force) (-!)) ((t) ((doom sync)) ((doom) sync))  *doom-cli stdin*  *doom-cli stdout*  *doom-cli stderr* nil)) (_) (evals) (loads) (color?) (bench?) (profile) (pager) (emacsdir) (doomdir) (verbose?) (debug?) (force?))
* 0.154097:*:cli:execute: (:before doom build) nil
* 0.154140:*:cli:Initializing straight
* 0.154209::context: +packages (cli t)
* 0.154247::context:module: =[0 -110 -110 :core nil nil nil]
* 0.206556:*:cli:Initializing recipes
* 0.210063:*:cli:Installing core packages
* 0.210142:*:cli:execute: (doom sync) ((jobs) (purge?) (update?) (noelc?) (noenvvar?))
* 0.210388:*:cli:call: (doom sync) -> (doom profiles sync --reload)
* 0.210545:*:cli:context-parse: found command (doom)
* 0.211014:*:cli:load: autoload /Users/fanzhiwen/.config/emacs/lisp/cli/profiles.el
* 0.211077:*:cli:load: ~/.config/emacs/lisp/cli/profiles.el nil
* 0.217394:*:cli:context-parse: found command (doom profiles)
* 0.217849:*:cli:context-parse: found command (doom profiles sync)
* 0.218278:*:cli:context-parse: found switch "--reload"
* 0.218890:*:cli:context-execute: doom profiles sync
* 0.219379:*:cli:execute: (:before) ((input) (context . #s(doom-cli-context (25814 32019 842452 0) 47422 0 (80 . 24) nil nil doom nil nil (doom profiles sync) nil (sync) ((--reload . --reload) (--jobs) (-j) (-p) (-u) (-c) (-e) (--eval) (-E) (--strict-load) (--load) (-L) (--color) (--benchmark) (--profile) (--pager) (--emacsdir) (--doomdir) (--verbose) (-v) (--debug) (-D) (--force) (-!)) ((t) ((doom profiles sync) --reload) ((doom profiles) sync --reload) ((doom) profiles sync --reload))  *doom-cli stdin*  *doom-cli stdout*  *doom-cli stderr* nil)) (_) (evals) (loads) (color?) (bench?) (profile) (pager) (emacsdir) (doomdir) (verbose?) (debug?) (force?))
* 0.219465:*:cli:execute: (doom profiles sync) ((reload? . --reload))
  * 0.221143:*:cli:Profiles are up-to-date!
> Synchronizing "default" profile...
  * 0.222030:*:cli:call: (doom profiles sync) -> (doom env)
  * 0.222246:*:cli:context-parse: found command (doom)
  * 0.222774:*:cli:load: autoload /Users/fanzhiwen/.config/emacs/lisp/cli/env.el
  * 0.222848:*:cli:load: ~/.config/emacs/lisp/cli/env.el nil
  * 0.225640:*:cli:context-parse: found command (doom env)
  * 0.226117:*:cli:context-execute: doom env
  * 0.226569:*:cli:execute: (:before) ((input) (context . #s(doom-cli-context (25814 32019 842452 0) 47422 0 (80 . 24) nil nil doom nil nil (doom env) nil (sync) ((--deny) (-d) (--allow) (-a) (-o) (--deny-all) (--allow-all) (--reload . --reload) (--jobs) (-j) (-p) (-u) (-c) (-e) (--eval) (-E) (--strict-load) (--load) (-L) (--color) (--benchmark) (--profile) (--pager) (--emacsdir) (--doomdir) (--verbose) (-v) (--debug) (-D) (--force) (-!)) ((t) ((doom env)) ((doom) env))  *doom-cli stdin*  *doom-cli stdout*  *doom-cli stderr* nil)) (_) (evals) (loads) (color?) (bench?) (profile) (pager) (emacsdir) (doomdir) (verbose?) (debug?) (force?))
  * 0.226647:*:cli:execute: (doom env) ((rules) (output-file) (deny-only) (allow-only))
  > Regenerating envvars file
    * 0.227710:*:cli:cli:env: deny __DOOMSTEP
    * 0.228217:*:cli:cli:env: deny __DOOMPIPE
    * 0.228682:*:cli:cli:env: deny __DOOMGPIPE
    * 0.228842:*:cli:cli:env: deny HOME
    * 0.228897:*:cli:cli:env: deny SHLVL
    * 0.229371:*:cli:cli:env: deny PWD
    * 0.229441:*:cli:cli:env: deny __CFBundleIdentifier
    * 0.229808:*:cli:cli:env: deny __CF_USER_TEXT_ENCODING
    * 0.229916:*:cli:cli:env: deny SSH_AUTH_SOCK
    * 0.230096:*:cli:cli:env: deny USER
    * 0.230451:*:cli:cli:env: deny TERM
    * 0.230554:*:cli:cli:env: deny __DOOMPID
    * 0.230783:*:cli:cli:env: deny __DOOMGEOM
    ✓ Generated ~/.config/emacs/.local/env
  * 0.232096:*:cli:Initializing package.el
  * 0.267671:*:cli:Initializing straight.el
  * 0.267940::context: +packages (cli t)
  * 0.267987::context:module: =[1 105 -105 :user nil nil nil]
  * 0.268260::context:module: =[2 -111 -111 :config use-package nil nil]
  * 0.268960::context:module: =[0 -110 -110 :core nil nil nil]
  * 0.280135::context:module: =[1 105 -105 :user nil nil nil]
  * 0.280443::context:module: =[3 0 0 :completion company nil nil]
  * 0.281904::context:module: =[4 0 0 :completion vertico nil nil]
  * 0.286478::context:module: =[5 0 0 :ui doom nil nil]
  * 0.287664::context:module: =[6 0 0 :ui doom-dashboard nil nil]
  * 0.287764::context:module: =[7 0 0 :ui hl-todo nil nil]
  * 0.288493::context:module: =[8 0 0 :ui modeline nil nil]
  * 0.290035::context:module: =[9 0 0 :ui ophints nil nil]
  * 0.290961::context:module: =[10 0 0 :ui popup (+defaults) nil]
  * 0.291038::context:module: =[11 0 0 :ui vc-gutter (+pretty) nil]
  * 0.291963::context:module: =[12 0 0 :ui vi-tilde-fringe nil nil]
  * 0.292736::context:module: =[13 0 0 :ui workspaces nil nil]
  * 0.293433::context:module: =[14 0 0 :editor evil (+everywhere) nil]
  * 0.301404::context:module: =[15 0 0 :editor file-templates nil nil]
  * 0.302093::context:module: =[16 0 0 :editor fold nil nil]
  * 0.303904::context:module: =[17 0 0 :editor snippets nil nil]
  * 0.305594::context:module: =[18 0 0 :emacs dired nil nil]
  * 0.308300::context:module: =[19 0 0 :emacs electric nil nil]
  * 0.308384::context:module: =[20 0 0 :emacs undo nil nil]
  * 0.310090::context:module: =[21 0 0 :emacs vc nil nil]
  * 0.313284::context:module: =[22 0 0 :checkers syntax nil nil]
  * 0.315155::context:module: =[23 0 0 :tools eval (+overlay) nil]
  * 0.316260::context:module: =[24 0 0 :tools lookup nil nil]
  * 0.320098::context:module: =[25 0 0 :tools magit nil nil]
  * 0.321963::context:module: =[26 0 0 :os macos nil nil]
  * 0.323089::context:module: =[27 0 0 :lang emacs-lisp nil nil]
  * 0.327072::context:module: =[28 0 0 :lang markdown nil nil]
  * 0.329339::context:module: =[29 0 0 :lang org nil nil]
  * 0.344450::context:module: =[30 0 0 :lang sh nil nil]
  * 0.345738::context:module: =[31 0 0 :config default (+bindings +smartparens) nil]
  * 0.347530::context:module: =[1 105 -105 :user nil nil nil]
  > Installing packages...
    - No packages need to be installed
  > (Re)building packages...
    - No packages need rebuilding
  > Purging orphaned packages (for the emperor)...
    - Skipping builds
    - Skipping elpa packages
    - Skipping repos
    - Skipping regrafting
  > (Re)building profile in /Users/fanzhiwen/.config/emacs/.local/etc/@/...
    > Deleting old init files...
    > Generating 4 init files...
    > Byte-compiling ~/.config/emacs/.local/etc/@init.29.el...
    ✓ Built init.29.elc
  - Restart Emacs or use 'M-x doom/reload' for changes to take effect
* 1.335828:*:cli:Finished (GCs: 1, elapsed: 0.008334s)
* 1.335828:*:cli:Finished (GCs: 1, elapsed: 0.008334s)
