* 0.129368:*:cli:run!: doom sync
* 0.129489:*:cli:context-parse: found command (doom)
* 0.129820:*:cli:load: autoload /Users/fanzhiwen/.config/emacs/lisp/cli/sync.el
* 0.129872:*:cli:load: ~/.config/emacs/lisp/cli/sync.el nil
* 0.130250:*:cli:load: ~/.config/emacs/lisp/cli/packages nil
* 0.178123:*:cli:context-parse: found command (doom sync)
* 0.178440:*:cli:context-execute: doom sync
* 0.179401:*:cli:execute: (:before) ((input) (context . #s(doom-cli-context (25814 29284 601222 0) 38137 0 (80 . 24) nil nil doom nil nil (doom sync) nil (sync) ((--jobs) (-j) (-p) (-u) (-c) (-e) (--eval) (-E) (--strict-load) (--load) (-L) (--color) (--benchmark) (--profile) (--pager) (--emacsdir) (--doomdir) (--verbose) (-v) (--debug) (-D) (--force) (-!)) ((t) ((doom sync)) ((doom) sync))  *doom-cli stdin*  *doom-cli stdout*  *doom-cli stderr* nil)) (_) (evals) (loads) (color?) (bench?) (profile) (pager) (emacsdir) (doomdir) (verbose?) (debug?) (force?))
* 0.179509:*:cli:execute: (:before doom build) nil
* 0.179576:*:cli:Initializing straight
* 0.179615::context: +packages (cli t)
* 0.179649::context:module: =[0 -110 -110 :core nil nil nil]
* 0.268126:*:cli:Initializing recipes
* 0.284069:*:cli:Installing core packages
* 0.284175:*:cli:execute: (doom sync) ((jobs) (purge?) (update?) (noelc?) (noenvvar?))
* 0.284494:*:cli:call: (doom sync) -> (doom profiles sync --reload)
* 0.284669:*:cli:context-parse: found command (doom)
* 0.285103:*:cli:load: autoload /Users/fanzhiwen/.config/emacs/lisp/cli/profiles.el
* 0.285198:*:cli:load: ~/.config/emacs/lisp/cli/profiles.el nil
* 0.291337:*:cli:context-parse: found command (doom profiles)
* 0.291615:*:cli:context-parse: found command (doom profiles sync)
* 0.291946:*:cli:context-parse: found switch "--reload"
* 0.292280:*:cli:context-execute: doom profiles sync
* 0.292812:*:cli:execute: (:before) ((input) (context . #s(doom-cli-context (25814 29284 601222 0) 38137 0 (80 . 24) nil nil doom nil nil (doom profiles sync) nil (sync) ((--reload . --reload) (--jobs) (-j) (-p) (-u) (-c) (-e) (--eval) (-E) (--strict-load) (--load) (-L) (--color) (--benchmark) (--profile) (--pager) (--emacsdir) (--doomdir) (--verbose) (-v) (--debug) (-D) (--force) (-!)) ((t) ((doom profiles sync) --reload) ((doom profiles) sync --reload) ((doom) profiles sync --reload))  *doom-cli stdin*  *doom-cli stdout*  *doom-cli stderr* nil)) (_) (evals) (loads) (color?) (bench?) (profile) (pager) (emacsdir) (doomdir) (verbose?) (debug?) (force?))
* 0.292931:*:cli:execute: (doom profiles sync) ((reload? . --reload))
! No profile loader found. Generating one...
  > Regenerating it...
  > Synchronizing 1 known profile...
    - Added safe-mode
    ✓ Regenerated profile loader: ~/.config/emacs/profiles/load.el
> Synchronizing "default" profile...
  * 0.304677:*:cli:call: (doom profiles sync) -> (doom env)
  * 0.304809:*:cli:context-parse: found command (doom)
  * 0.305149:*:cli:load: autoload /Users/fanzhiwen/.config/emacs/lisp/cli/env.el
  * 0.305250:*:cli:load: ~/.config/emacs/lisp/cli/env.el nil
  * 0.308492:*:cli:context-parse: found command (doom env)
  * 0.308969:*:cli:context-execute: doom env
  * 0.309434:*:cli:execute: (:before) ((input) (context . #s(doom-cli-context (25814 29284 601222 0) 38137 0 (80 . 24) nil nil doom nil nil (doom env) nil (sync) ((--deny) (-d) (--allow) (-a) (-o) (--deny-all) (--allow-all) (--reload . --reload) (--jobs) (-j) (-p) (-u) (-c) (-e) (--eval) (-E) (--strict-load) (--load) (-L) (--color) (--benchmark) (--profile) (--pager) (--emacsdir) (--doomdir) (--verbose) (-v) (--debug) (-D) (--force) (-!)) ((t) ((doom env)) ((doom) env))  *doom-cli stdin*  *doom-cli stdout*  *doom-cli stderr* nil)) (_) (evals) (loads) (color?) (bench?) (profile) (pager) (emacsdir) (doomdir) (verbose?) (debug?) (force?))
  * 0.309508:*:cli:execute: (doom env) ((rules) (output-file) (deny-only) (allow-only))
  > Regenerating envvars file
    * 0.310230:*:cli:cli:env: deny __DOOMSTEP
    * 0.310348:*:cli:cli:env: deny __DOOMPIPE
    * 0.310421:*:cli:cli:env: deny __DOOMPID
    * 0.310492:*:cli:cli:env: deny __DOOMGPIPE
    * 0.310573:*:cli:cli:env: deny __DOOMGEOM
    * 0.310626:*:cli:cli:env: deny __CF_USER_TEXT_ENCODING
    * 0.310676:*:cli:cli:env: deny __CFBundleIdentifier
    * 0.311108:*:cli:cli:env: deny USER
    * 0.312217:*:cli:cli:env: deny TERM
    * 0.312471:*:cli:cli:env: deny SSH_AUTH_SOCK
    * 0.312645:*:cli:cli:env: deny SHLVL
    * 0.312933:*:cli:cli:env: deny PWD
    * 0.314246:*:cli:cli:env: deny HOME
    ✓ Generated ~/.config/emacs/.local/env
  * 0.317611:*:cli:Initializing package.el
  * 0.351201:*:cli:Initializing straight.el
  * 0.351435::context: +packages (cli t)
  * 0.351471::context:module: =[1 105 -105 :user nil nil nil]
  * 0.352501::context:module: =[2 -111 -111 :config use-package nil nil]
  * 0.353431::context:module: =[0 -110 -110 :core nil nil nil]
  * 0.364327::context:module: =[1 105 -105 :user nil nil nil]
  * 0.364625::context:module: =[3 0 0 :completion company nil nil]
  * 0.365784::context:module: =[4 0 0 :completion vertico nil nil]
  * 0.369581::context:module: =[5 0 0 :ui doom nil nil]
  * 0.370490::context:module: =[6 0 0 :ui doom-dashboard nil nil]
  * 0.370575::context:module: =[7 0 0 :ui hl-todo nil nil]
  * 0.371133::context:module: =[8 0 0 :ui modeline nil nil]
  * 0.372401::context:module: =[9 0 0 :ui ophints nil nil]
  * 0.373197::context:module: =[10 0 0 :ui popup (+defaults) nil]
  * 0.373270::context:module: =[11 0 0 :ui vc-gutter (+pretty) nil]
  * 0.374048::context:module: =[12 0 0 :ui vi-tilde-fringe nil nil]
  * 0.374805::context:module: =[13 0 0 :ui workspaces nil nil]
  * 0.375443::context:module: =[14 0 0 :editor evil (+everywhere) nil]
  * 0.382131::context:module: =[15 0 0 :editor file-templates nil nil]
  * 0.382732::context:module: =[16 0 0 :editor fold nil nil]
  * 0.384245::context:module: =[17 0 0 :editor snippets nil nil]
  * 0.385584::context:module: =[18 0 0 :emacs dired nil nil]
  * 0.387927::context:module: =[19 0 0 :emacs electric nil nil]
  * 0.388001::context:module: =[20 0 0 :emacs undo nil nil]
  * 0.389447::context:module: =[21 0 0 :emacs vc nil nil]
  * 0.392251::context:module: =[22 0 0 :checkers syntax nil nil]
  * 0.393877::context:module: =[23 0 0 :tools eval (+overlay) nil]
  * 0.394831::context:module: =[24 0 0 :tools lookup nil nil]
  * 0.398143::context:module: =[25 0 0 :tools magit nil nil]
  * 0.399701::context:module: =[26 0 0 :os macos nil nil]
  * 0.400633::context:module: =[27 0 0 :lang emacs-lisp nil nil]
  * 0.404159::context:module: =[28 0 0 :lang markdown nil nil]
  * 0.406043::context:module: =[29 0 0 :lang org nil nil]
  * 0.418562::context:module: =[30 0 0 :lang sh nil nil]
  * 0.419662::context:module: =[31 0 0 :config default (+bindings +smartparens) nil]
  * 0.421177::context:module: =[1 105 -105 :user nil nil nil]
  > Installing packages...
    - No packages need to be installed
  > (Re)building packages...
    - No packages need rebuilding
  > Purging orphaned packages (for the emperor)...
    - Skipping builds
    - Skipping elpa packages
    - Skipping repos
    - Skipping regrafting
  > (Re)building profile in /Users/fanzhiwen/.config/emacs/.local/etc/@/...
    > Deleting old init files...
    > Generating 4 init files...
    > Byte-compiling ~/.config/emacs/.local/etc/@init.28.el...
    ✓ Built init.28.elc
  - Restart Emacs or use 'M-x doom/reload' for changes to take effect
* 1.286519:*:cli:Finished (GCs: 1, elapsed: 0.010404s)
* 1.286519:*:cli:Finished (GCs: 1, elapsed: 0.010404s)
