* 0.197293:*:cli:run!: doom sync
* 0.197402:*:cli:context-parse: found command (doom)
* 0.197857:*:cli:load: autoload /Users/fanzhiwen/.config/emacs/lisp/cli/sync.el
* 0.197913:*:cli:load: ~/.config/emacs/lisp/cli/sync.el nil
* 0.198544:*:cli:load: ~/.config/emacs/lisp/cli/packages nil
* 0.249491:*:cli:context-parse: found command (doom sync)
* 0.249792:*:cli:context-execute: doom sync
* 0.250126:*:cli:execute: (:before) ((input) (context . #s(doom-cli-context (25814 30055 601501 0) 39223 0 (80 . 24) nil nil doom nil nil (doom sync) nil (sync) ((--jobs) (-j) (-p) (-u) (-c) (-e) (--eval) (-E) (--strict-load) (--load) (-L) (--color) (--benchmark) (--profile) (--pager) (--emacsdir) (--doomdir) (--verbose) (-v) (--debug) (-D) (--force) (-!)) ((t) ((doom sync)) ((doom) sync))  *doom-cli stdin*  *doom-cli stdout*  *doom-cli stderr* nil)) (_) (evals) (loads) (color?) (bench?) (profile) (pager) (emacsdir) (doomdir) (verbose?) (debug?) (force?))
* 0.250197:*:cli:execute: (:before doom build) nil
* 0.250226:*:cli:Initializing straight
* 0.250254::context: +packages (cli t)
* 0.250283::context:module: =[0 -110 -110 :core nil nil nil]
* 0.365608:*:cli:Initializing recipes
* 0.369082:*:cli:Installing core packages
* 0.369135:*:cli:execute: (doom sync) ((jobs) (purge?) (update?) (noelc?) (noenvvar?))
* 0.369334:*:cli:call: (doom sync) -> (doom profiles sync --reload)
* 0.369430:*:cli:context-parse: found command (doom)
* 0.369721:*:cli:load: autoload /Users/fanzhiwen/.config/emacs/lisp/cli/profiles.el
* 0.369774:*:cli:load: ~/.config/emacs/lisp/cli/profiles.el nil
* 0.375994:*:cli:context-parse: found command (doom profiles)
* 0.376285:*:cli:context-parse: found command (doom profiles sync)
* 0.376559:*:cli:context-parse: found switch "--reload"
* 0.376909:*:cli:context-execute: doom profiles sync
* 0.377238:*:cli:execute: (:before) ((input) (context . #s(doom-cli-context (25814 30055 601501 0) 39223 0 (80 . 24) nil nil doom nil nil (doom profiles sync) nil (sync) ((--reload . --reload) (--jobs) (-j) (-p) (-u) (-c) (-e) (--eval) (-E) (--strict-load) (--load) (-L) (--color) (--benchmark) (--profile) (--pager) (--emacsdir) (--doomdir) (--verbose) (-v) (--debug) (-D) (--force) (-!)) ((t) ((doom profiles sync) --reload) ((doom profiles) sync --reload) ((doom) profiles sync --reload))  *doom-cli stdin*  *doom-cli stdout*  *doom-cli stderr* nil)) (_) (evals) (loads) (color?) (bench?) (profile) (pager) (emacsdir) (doomdir) (verbose?) (debug?) (force?))
* 0.377316:*:cli:execute: (doom profiles sync) ((reload? . --reload))
  * 0.386193:*:cli:Profiles are up-to-date!
> Synchronizing "default" profile...
  * 0.386942:*:cli:call: (doom profiles sync) -> (doom env)
  * 0.387134:*:cli:context-parse: found command (doom)
  * 0.387547:*:cli:load: autoload /Users/fanzhiwen/.config/emacs/lisp/cli/env.el
  * 0.387664:*:cli:load: ~/.config/emacs/lisp/cli/env.el nil
  * 0.392747:*:cli:context-parse: found command (doom env)
  * 0.393056:*:cli:context-execute: doom env
  * 0.393362:*:cli:execute: (:before) ((input) (context . #s(doom-cli-context (25814 30055 601501 0) 39223 0 (80 . 24) nil nil doom nil nil (doom env) nil (sync) ((--deny) (-d) (--allow) (-a) (-o) (--deny-all) (--allow-all) (--reload . --reload) (--jobs) (-j) (-p) (-u) (-c) (-e) (--eval) (-E) (--strict-load) (--load) (-L) (--color) (--benchmark) (--profile) (--pager) (--emacsdir) (--doomdir) (--verbose) (-v) (--debug) (-D) (--force) (-!)) ((t) ((doom env)) ((doom) env))  *doom-cli stdin*  *doom-cli stdout*  *doom-cli stderr* nil)) (_) (evals) (loads) (color?) (bench?) (profile) (pager) (emacsdir) (doomdir) (verbose?) (debug?) (force?))
  * 0.393434:*:cli:execute: (doom env) ((rules) (output-file) (deny-only) (allow-only))
  > Regenerating envvars file
    * 0.394088:*:cli:cli:env: deny __DOOMSTEP
    * 0.394178:*:cli:cli:env: deny __DOOMPIPE
    * 0.394241:*:cli:cli:env: deny __DOOMPID
    * 0.394294:*:cli:cli:env: deny __DOOMGPIPE
    * 0.394357:*:cli:cli:env: deny __DOOMGEOM
    * 0.394414:*:cli:cli:env: deny __CF_USER_TEXT_ENCODING
    * 0.394468:*:cli:cli:env: deny __CFBundleIdentifier
    * 0.394704:*:cli:cli:env: deny USER
    * 0.394926:*:cli:cli:env: deny TERM
    * 0.395004:*:cli:cli:env: deny SSH_AUTH_SOCK
    * 0.395046:*:cli:cli:env: deny SHLVL
    * 0.395194:*:cli:cli:env: deny PWD
    * 0.396034:*:cli:cli:env: deny HOME
    ✓ Generated ~/.config/emacs/.local/env
  * 0.398836:*:cli:Initializing package.el
  * 0.485947:*:cli:Initializing straight.el
  * 0.486252::context: +packages (cli t)
  * 0.486302::context:module: =[1 105 -105 :user nil nil nil]
  * 0.486979::context:module: =[2 -111 -111 :config use-package nil nil]
  * 0.488153::context:module: =[0 -110 -110 :core nil nil nil]
  * 0.500595::context:module: =[1 105 -105 :user nil nil nil]
  * 0.500903::context:module: =[3 0 0 :completion company nil nil]
  * 0.502922::context:module: =[4 0 0 :completion vertico nil nil]
  * 0.508208::context:module: =[5 0 0 :ui doom nil nil]
  * 0.509979::context:module: =[6 0 0 :ui doom-dashboard nil nil]
  * 0.510070::context:module: =[7 0 0 :ui hl-todo nil nil]
  * 0.511424::context:module: =[8 0 0 :ui modeline nil nil]
  * 0.513782::context:module: =[9 0 0 :ui ophints nil nil]
  * 0.515685::context:module: =[10 0 0 :ui popup (+defaults) nil]
  * 0.515779::context:module: =[11 0 0 :ui vc-gutter (+pretty) nil]
  * 0.517427::context:module: =[12 0 0 :ui vi-tilde-fringe nil nil]
  * 0.518604::context:module: =[13 0 0 :ui workspaces nil nil]
  * 0.519728::context:module: =[14 0 0 :editor evil (+everywhere) nil]
  * 0.527857::context:module: =[15 0 0 :editor file-templates nil nil]
  * 0.529560::context:module: =[16 0 0 :editor fold nil nil]
  * 0.532713::context:module: =[17 0 0 :editor snippets nil nil]
  * 0.535575::context:module: =[18 0 0 :emacs dired nil nil]
  * 0.539992::context:module: =[19 0 0 :emacs electric nil nil]
  * 0.540087::context:module: =[20 0 0 :emacs undo nil nil]
  * 0.542939::context:module: =[21 0 0 :emacs vc nil nil]
  * 0.546428::context:module: =[22 0 0 :checkers syntax nil nil]
  * 0.551233::context:module: =[23 0 0 :tools eval (+overlay) nil]
  * 0.553852::context:module: =[24 0 0 :tools lookup nil nil]
  * 0.559710::context:module: =[25 0 0 :tools magit nil nil]
  * 0.562213::context:module: =[26 0 0 :os macos nil nil]
  * 0.563685::context:module: =[27 0 0 :lang emacs-lisp nil nil]
  * 0.568498::context:module: =[28 0 0 :lang markdown nil nil]
  * 0.571280::context:module: =[29 0 0 :lang org nil nil]
  * 0.586074::context:module: =[30 0 0 :lang sh nil nil]
  * 0.587750::context:module: =[31 0 0 :config default (+bindings +smartparens) nil]
  * 0.589711::context:module: =[1 105 -105 :user nil nil nil]
  > Installing packages...
    - No packages need to be installed
  > (Re)building packages...
    - No packages need rebuilding
  > Purging orphaned packages (for the emperor)...
    - Skipping builds
    - Skipping elpa packages
    - Skipping repos
    - Skipping regrafting
  > (Re)building profile in /Users/fanzhiwen/.config/emacs/.local/etc/@/...
    > Deleting old init files...
    > Generating 4 init files...
    > Byte-compiling ~/.config/emacs/.local/etc/@init.28.el...
    ✓ Built init.28.elc
  - Restart Emacs or use 'M-x doom/reload' for changes to take effect
* 1.746340:*:cli:Finished (GCs: 1, elapsed: 0.011204s)
* 1.746340:*:cli:Finished (GCs: 1, elapsed: 0.011204s)
