* 0.247009:*:cli:run!: doom 
* 0.247146:*:cli:context-parse: found command (doom)
* 0.247443:*:cli:context-execute: doom
Error: a subcommand is required
* 0.248103:*:cli:call: (doom) -> (:help --subcommands --postamble)
* 0.248193:*:cli:context-parse: found command (:help)
* 0.248448:*:cli:context-parse: found switch "--subcommands"
* 0.248717:*:cli:context-parse: found switch "--postamble"
* 0.248942:*:cli:context-execute: :help
* 0.249214:*:cli:execute: (:before) ((input) (context . #s(doom-cli-context (25814 29689 204151 0) 38627 0 (80 . 24) nil nil doom nil (doom-cli-command-not-found-error doom) (:help) nil nil ((--postamble) (--envvars) (--similar) (--subcommands) (--synopsis --subcommands --postamble) (--commands) (--manpage) (--no-global) (-g) (--eval) (-E) (--strict-load) (--load) (-L) (--color) (--benchmark) (--profile) (--pager) (--emacsdir) (--doomdir) (--verbose) (-v) (--debug) (-D) (--force) (-!)) ((t) (nil --subcommands --postamble))  *doom-cli stdin*  *doom-cli stdout*  *doom-cli stderr* nil)) (_) (evals) (loads) (color?) (bench?) (profile) (pager) (emacsdir) (doomdir) (verbose?) (debug?) (force?))
* 0.249285:*:cli:execute: (:help) ((context . #s(doom-cli-context (25814 29689 204151 0) 38627 0 (80 . 24) nil nil doom nil (doom-cli-command-not-found-error doom) (:help) nil nil ((--postamble) (--envvars) (--similar) (--subcommands) (--synopsis --subcommands --postamble) (--commands) (--manpage) (--no-global) (-g) (--eval) (-E) (--strict-load) (--load) (-L) (--color) (--benchmark) (--profile) (--pager) (--emacsdir) (--doomdir) (--verbose) (-v) (--debug) (-D) (--force) (-!)) ((t) (nil --subcommands --postamble))  *doom-cli stdin*  *doom-cli stdout*  *doom-cli stderr* nil)) (command) (sections --subcommands --postamble) (commands?) (manpage?) (localonly?))
* 0.249473:*:cli:load: autoload /Users/fanzhiwen/.config/emacs/lisp/cli/sync.el
* 0.249521:*:cli:load: ~/.config/emacs/lisp/cli/sync.el nil
* 0.250285:*:cli:load: ~/.config/emacs/lisp/cli/packages nil
* 0.299020:*:cli:load: autoload /Users/fanzhiwen/.config/emacs/lisp/cli/profiles.el
* 0.299088:*:cli:load: ~/.config/emacs/lisp/cli/profiles.el nil
* 0.305421:*:cli:load: autoload /Users/fanzhiwen/.config/emacs/lisp/cli/upgrade.el
* 0.305490:*:cli:load: ~/.config/emacs/lisp/cli/upgrade.el nil
* 0.306836:*:cli:load: ~/.config/emacs/lisp/cli/packages nil
* 0.316165:*:cli:load: ~/.config/emacs/lisp/cli/compile nil
* 0.321713:*:cli:load: autoload /Users/fanzhiwen/.config/emacs/lisp/cli/env.el
* 0.321780:*:cli:load: ~/.config/emacs/lisp/cli/env.el nil
* 0.324718:*:cli:load: autoload /Users/fanzhiwen/.config/emacs/lisp/cli/install.el
* 0.324789:*:cli:load: ~/.config/emacs/lisp/cli/install.el nil
* 0.325732:*:cli:load: ~/.config/emacs/lisp/cli/packages nil
* 0.335211:*:cli:load: autoload /Users/fanzhiwen/.config/emacs/lisp/cli/doctor.el
* 0.335306:*:cli:load: ~/.config/emacs/lisp/cli/doctor.el nil
* 0.339179:*:cli:load: autoload /Users/fanzhiwen/.config/emacs/lisp/cli/info.el
* 0.339243:*:cli:load: ~/.config/emacs/lisp/cli/info.el nil
* 0.340759:*:cli:load: autoload /Users/fanzhiwen/.config/emacs/lisp/cli/ci.el
* 0.340828:*:cli:load: ~/.config/emacs/lisp/cli/ci.el nil
* 0.350417:*:cli:load: autoload /Users/fanzhiwen/.config/emacs/lisp/cli/make.el
* 0.350483:*:cli:load: ~/.config/emacs/lisp/cli/make.el nil
* 0.351269:*:cli:load: ~/.config/emacs/lisp/cli/make/completions nil
* 0.356858:*:cli:load: autoload /Users/fanzhiwen/.config/emacs/lisp/cli/run.el
* 0.356933:*:cli:load: ~/.config/emacs/lisp/cli/run.el nil

Available commands:
  help         Show documentation for a Doom CLI command.

  Development:
    run        Launch Doom Emacs or an Emacs sandbox
    make […]   (Re)Generate project files and boilerplate.
    ci […]    Commands that automate development processes.

  Diagnostics:
    version    Show installed versions of Doom, Doom modules, and Emacs.
    info       Print detailed information about your config for bug reports.
    doctor     Diagnoses common issues on your system.

  Config Management:
    pf         -> doom pf
    clean      Delete all *.elc files.
    compile    Byte-compiles your config or selected modules.
    install    Installs and sets up Doom Emacs for the first time.
    purge      Deletes orphaned packages & repos, and compacts them.
    build      Byte-compiles & symlinks installed packages.
    env […]   (Re)generates envvars file from your shell environment.
    upgrade    Updates Doom and packages.
    profile […]   THIS COMMAND IS A STUB AND HAS NOT BEEN IMPLEMENTED YET.
    profiles […]   Commands for maintaining your Doom Emacs configuration.
    sync       Synchronize your config with Doom Emacs.

See 'doom h[elp]' or 'doom {-?,--help}' for documentation.
* 0.385814:*:cli:Finished (GCs: 1, elapsed: 0.012720s)
* 0.385814:*:cli:Finished (GCs: 1, elapsed: 0.012720s)
