* 0.195362:*:cli:run!: doom install
* 0.195555:*:cli:context-parse: found command (doom)
* 0.196155:*:cli:load: autoload /Users/fanzhiwen/.config/emacs/lisp/cli/install.el
* 0.196232:*:cli:load: ~/.config/emacs/lisp/cli/install.el nil
* 0.197275:*:cli:load: ~/.config/emacs/lisp/cli/packages nil
* 0.251040:*:cli:context-parse: found command (doom install)
* 0.251543:*:cli:context-execute: doom install
* 0.252015:*:cli:execute: (:before) ((input) (context . #s(doom-cli-context (25814 30702 502462 0) 43249 0 (80 . 24) nil nil doom nil nil (doom install) nil (install) ((--hooks) (--fonts) (--install) (--env) (--config) (--eval) (-E) (--strict-load) (--load) (-L) (--color) (--benchmark) (--profile) (--pager) (--emacsdir) (--doomdir) (--verbose) (-v) (--debug) (-D) (--force) (-!)) ((t) ((doom install)) ((doom) install))  *doom-cli stdin*  *doom-cli stdout*  *doom-cli stderr* nil)) (_) (evals) (loads) (color?) (bench?) (profile) (pager) (emacsdir) (doomdir) (verbose?) (debug?) (force?))
* 0.252097:*:cli:execute: (doom install) ((context . #s(doom-cli-context (25814 30702 502462 0) 43249 0 (80 . 24) nil nil doom nil nil (doom install) nil (install) ((--hooks) (--fonts) (--install) (--env) (--config) (--eval) (-E) (--strict-load) (--load) (-L) (--color) (--benchmark) (--profile) (--pager) (--emacsdir) (--doomdir) (--verbose) (-v) (--debug) (-D) (--force) (-!)) ((t) ((doom install)) ((doom) install))  *doom-cli stdin*  *doom-cli stdout*  *doom-cli stderr* nil)) (hooks? . :yes) (fonts? . :yes) (install? . :yes) (envfile? . :yes) (config? . :yes))
Installing Doom Emacs!

- Skipping ~/.config/doom/ (already exists)
  - Skipping init.el (already exists)
  - Skipping config.el (already exists)
  - Skipping packages.el (already exists)
* 0.258501:*:cli:load: ~/.config/doom/init.el t
- Envvar file already exists, skipping
Installing plugins
* 0.263069:*:cli:Initializing straight
* 0.263378::context: +packages (cli t)
* 0.263462::context:module: =[0 -110 -110 :core nil nil nil]
* 0.348763:*:cli:Initializing recipes
* 0.370988:*:cli:Installing core packages
* 0.371081:*:cli:Initializing package.el
* 0.430285:*:cli:Initializing straight.el
* 0.430558::context: +packages (cli t)
* 0.430604::context:module: =[1 105 -105 :user nil nil nil]
* 0.431224::context:module: =[2 -111 -111 :config use-package nil nil]
* 0.432702::context:module: =[0 -110 -110 :core nil nil nil]
* 0.443833::context:module: =[1 105 -105 :user nil nil nil]
* 0.444152::context:module: =[32 0 0 :config default (+bindings +smartparens) nil]
* 0.446975::context:module: =[32 0 0 :lang sh nil nil]
* 0.449526::context:module: =[32 0 0 :lang org nil nil]
* 0.465974::context:module: =[32 0 0 :lang markdown nil nil]
* 0.469384::context:module: =[32 0 0 :lang emacs-lisp nil nil]
* 0.474961::context:module: =[32 0 0 :os macos nil nil]
* 0.477561::context:module: =[32 0 0 :tools magit nil nil]
* 0.481085::context:module: =[32 0 0 :tools lookup nil nil]
* 0.487177::context:module: =[32 0 0 :tools eval (+overlay) nil]
* 0.489429::context:module: =[32 0 0 :checkers syntax nil nil]
* 0.492396::context:module: =[32 0 0 :emacs vc nil nil]
* 0.498052::context:module: =[32 0 0 :emacs undo nil nil]
* 0.501278::context:module: =[32 0 0 :emacs electric nil nil]
* 0.501389::context:module: =[32 0 0 :emacs dired nil nil]
* 0.504762::context:module: =[32 0 0 :editor snippets nil nil]
* 0.507254::context:module: =[32 0 0 :editor fold nil nil]
* 0.510499::context:module: =[32 0 0 :editor file-templates nil nil]
* 0.512532::context:module: =[32 0 0 :editor evil (+everywhere) nil]
* 0.522055::context:module: =[32 0 0 :ui workspaces nil nil]
* 0.523939::context:module: =[32 0 0 :ui vi-tilde-fringe nil nil]
* 0.525706::context:module: =[32 0 0 :ui vc-gutter (+pretty) nil]
* 0.527957::context:module: =[32 0 0 :ui popup (+defaults) nil]
* 0.528081::context:module: =[32 0 0 :ui ophints nil nil]
* 0.529827::context:module: =[32 0 0 :ui modeline nil nil]
* 0.532367::context:module: =[32 0 0 :ui hl-todo nil nil]
* 0.533977::context:module: =[32 0 0 :ui doom-dashboard nil nil]
* 0.534110::context:module: =[32 0 0 :ui doom nil nil]
* 0.536644::context:module: =[32 0 0 :completion vertico nil nil]
* 0.543525::context:module: =[32 0 0 :completion company nil nil]
* 0.545851::context:module: =[1 105 -105 :user nil nil nil]
> Installing packages...
  > Building company-dict...
  > Building company-dict > Building company...
    INFO     Scraping files for loaddefs... 
    INFO     Scraping files for loaddefs...done
    GEN      company-autoloads.el
  > Building company-dict > Building parent-mode...
    INFO     Scraping files for loaddefs... 
    INFO     Scraping files for loaddefs...done
  > Building company-dict...
    INFO     Scraping files for loaddefs... 
    INFO     Scraping files for loaddefs...done
    GEN      company-dict-autoloads.el
  > Building wgrep...
    INFO     Scraping files for loaddefs... 
    INFO     Scraping files for loaddefs...done
    GEN      wgrep-autoloads.el
  - Checked out marginalia: 866e50aee4f066b0903752c69b33e9b7cab93f97
  > Building marginalia...
  - Checked out compat: be1d94d5e0e2fc9f02d2cd240d255c3a43037ba3
  > Building marginalia > Building compat...
    INFO     Scraping files for loaddefs... 
    INFO     Scraping files for loaddefs...done
  > Building marginalia...
    INFO     Scraping files for loaddefs... 
    INFO     Scraping files for loaddefs...done
    GEN      marginalia-autoloads.el
  > Building embark-consult...
  - Checked out embark: 9a44418c349e41020cdc5ad1bd21e8c77a429062
  > Building embark-consult > Building embark...
    INFO     Scraping files for loaddefs... 
    INFO     Scraping files for loaddefs...done
    GEN      embark-autoloads.el
  - Checked out consult: fe49dedd71802ff97be7b89f1ec4bd61b98c2b13
  > Building embark-consult > Building consult...
    INFO     Scraping files for loaddefs... 
    INFO     Scraping files for loaddefs...done
    GEN      consult-autoloads.el
  > Building embark-consult...
    INFO     Scraping files for loaddefs... 
    INFO     Scraping files for loaddefs...done
  - Checked out consult-flycheck: 3f2a7c17cc2fe64e0c07e3bf90e33c885c0d7062
  > Building consult-flycheck...
  - Checked out flycheck: 784f184cdd9f9cb4e3dbb997c09d93e954142842
  > Building consult-flycheck > Building flycheck...
  > Building consult-flycheck > Building flycheck > Building dash...
    INFO     Scraping files for loaddefs... 
    INFO     Scraping files for loaddefs...done
    GEN      dash-autoloads.el
  > Building consult-flycheck > Building flycheck > Building pkg-info...
  > Building consult-flycheck > Building flycheck > Building pkg-info > Building epl...
    INFO     Scraping files for loaddefs... 
    INFO     Scraping files for loaddefs...done
  > Building consult-flycheck > Building flycheck > Building pkg-info...
    INFO     Scraping files for loaddefs... 
    INFO     Scraping files for loaddefs...done
    GEN      pkg-info-autoloads.el
  > Building consult-flycheck > Building flycheck...
    INFO     Scraping files for loaddefs... 
    INFO     Scraping files for loaddefs...done
    GEN      flycheck-autoloads.el
  > Building consult-flycheck...
    INFO     Scraping files for loaddefs... 
    INFO     Scraping files for loaddefs...done
    GEN      consult-flycheck-autoloads.el
  - Checked out consult-dir: ed8f0874d26f10f5c5b181ab9f2cf4107df8a0eb
  > Building consult-dir...
  - Checked out project: e086bdc7c515f8bfc22598d473ba888ba7683f0c
  > Building consult-dir > Building project...
  > Building consult-dir > Building project > Building xref...
    INFO     Scraping files for loaddefs... 
    INFO     Scraping files for loaddefs...done
    GEN      xref-autoloads.el
  > Building consult-dir > Building project...
    INFO     Scraping files for loaddefs... 
    INFO     Scraping files for loaddefs...done
    GEN      project-autoloads.el
  > Building consult-dir...
    INFO     Scraping files for loaddefs... 
    INFO     Scraping files for loaddefs...done
    GEN      consult-dir-autoloads.el
  - Checked out orderless: e6784026717a8a6a7dcd0bf31fd3414f148c542e
  > Building orderless...
    INFO     Scraping files for loaddefs... 
    INFO     Scraping files for loaddefs...done
    GEN      orderless-autoloads.el
  - Checked out vertico: a28370d07f35c5387c7a9ec2e5b67f0d4598058d
  > Building vertico...
    INFO     Scraping files for loaddefs... 
    INFO     Scraping files for loaddefs...done
    GEN      vertico-autoloads.el
  > Building solaire-mode...
    INFO     Scraping files for loaddefs... 
    INFO     Scraping files for loaddefs...done
    GEN      solaire-mode-autoloads.el
  > Building doom-themes...
    INFO     Scraping files for loaddefs... 
    INFO     Scraping files for loaddefs...done
    GEN      doom-themes-autoloads.el
  - Checked out hl-todo: a627d33214e60fc5a2fe6164411d908e1afdba59
  > Building hl-todo...
    INFO     Scraping files for loaddefs... 
    INFO     Scraping files for loaddefs...done
    GEN      hl-todo-autoloads.el
  - Checked out evil-anzu: d1e98ee6976437164627542909a25c6946497899
  > Building evil-anzu...
  - Checked out evil: 2ce03d412c4e93b0b89eb43d796c991806415b8a
  > Building evil-anzu > Building evil...
  > Building evil-anzu > Building evil > Building goto-chg...
    INFO     Scraping files for loaddefs... 
    INFO     Scraping files for loaddefs...done
    GEN      goto-chg-autoloads.el
  > Building evil-anzu > Building evil...
    INFO     Scraping files for loaddefs... 
    INFO     Scraping files for loaddefs...done
    GEN      evil-autoloads.el
  - Checked out anzu: 5abb37455ea44fa401d5f4c1bdc58adb2448db67
  > Building evil-anzu > Building anzu...
    INFO     Scraping files for loaddefs... 
    INFO     Scraping files for loaddefs...done
    GEN      anzu-autoloads.el
  > Building evil-anzu...
    INFO     Scraping files for loaddefs... 
    INFO     Scraping files for loaddefs...done
  - Checked out doom-modeline: 6125309c2caa3c98591a4c802e9b4dd2f7ea83e9
  > Building doom-modeline...
  > Building doom-modeline > Building shrink-path...
  > Building doom-modeline > Building shrink-path > Building s...
    INFO     Scraping files for loaddefs... 
    INFO     Scraping files for loaddefs...done
  > Building doom-modeline > Building shrink-path > Building f...
    INFO     Scraping files for loaddefs... 
    INFO     Scraping files for loaddefs...done
  > Building doom-modeline > Building shrink-path...
    INFO     Scraping files for loaddefs... 
    INFO     Scraping files for loaddefs...done
  > Building doom-modeline...
    INFO     Scraping files for loaddefs... 
    INFO     Scraping files for loaddefs...done
    GEN      doom-modeline-autoloads.el
  - Checked out evil-goggles: 8f20a16e74016f37ad76dc4f2230d9b00c6df3c2
  > Building evil-goggles...
    INFO     Scraping files for loaddefs... 
    INFO     Scraping files for loaddefs...done
    GEN      evil-goggles-autoloads.el
  - Checked out git-gutter-fringe: 648cb5b57faec55711803cdc9434e55a733c3eba
  > Building git-gutter-fringe...
  > Building git-gutter-fringe > Building git-gutter...
    INFO     Scraping files for loaddefs... 
    INFO     Scraping files for loaddefs...done
    GEN      git-gutter-autoloads.el
  > Building git-gutter-fringe > Building fringe-helper...
    INFO     Scraping files for loaddefs... 
    INFO     Scraping files for loaddefs...done
  > Building git-gutter-fringe...
    INFO     Scraping files for loaddefs... 
    INFO     Scraping files for loaddefs...done
  - Checked out vi-tilde-fringe: f1597a8d54535bb1d84b442577b2024e6f910308
  > Building vi-tilde-fringe...
    INFO     Scraping files for loaddefs... 
    INFO     Scraping files for loaddefs...done
    GEN      vi-tilde-fringe-autoloads.el
  > Building persp-mode...
    INFO     Scraping files for loaddefs... 
    INFO     Scraping files for loaddefs...done
    GEN      persp-mode-autoloads.el
  - Checked out evil-collection: aaf3e0038e9255659fe0455729239c08498c4c0b
  > Building evil-collection...
  > Building evil-collection > Building annalist...
    INFO     Scraping files for loaddefs... 
    INFO     Scraping files for loaddefs...done
    GEN      annalist-autoloads.el
  > Building evil-collection...
    INFO     Scraping files for loaddefs... 
    INFO     Scraping files for loaddefs...done
    GEN      evil-collection-autoloads.el
  - Checked out evil-quick-diff: 69c883720b30a892c63bc89f49d4f0e8b8028908
  > Building evil-quick-diff...
    INFO     Scraping files for loaddefs... 
    INFO     Scraping files for loaddefs...done
    GEN      evil-quick-diff-autoloads.el
  - Checked out exato: aee7af7b7a0e7551478f453d1de7d5b9cb2e06c4
  > Building exato...
    INFO     Scraping files for loaddefs... 
    INFO     Scraping files for loaddefs...done
  - Checked out evil-visualstar: 06c053d8f7381f91c53311b1234872ca96ced752
  > Building evil-visualstar...
    INFO     Scraping files for loaddefs... 
    INFO     Scraping files for loaddefs...done
    GEN      evil-visualstar-autoloads.el
  - Checked out evil-traces: 290b5323542c46af364ec485c8ec9000040acf90
  > Building evil-traces...
    INFO     Scraping files for loaddefs... 
    INFO     Scraping files for loaddefs...done
    GEN      evil-traces-autoloads.el
  - Checked out evil-textobj-anyblock: 29280cd71a05429364cdceef2ff595ae8afade4d
  > Building evil-textobj-anyblock...
    INFO     Scraping files for loaddefs... 
    INFO     Scraping files for loaddefs...done
    GEN      evil-textobj-anyblock-autoloads.el
  - Checked out evil-surround: f273821f575ace519066fb106ee45a5b8577475f
  > Building evil-surround...
    INFO     Scraping files for loaddefs... 
    INFO     Scraping files for loaddefs...done
    GEN      evil-surround-autoloads.el
  - Checked out evil-snipe: c07788c35cf8cd8e652a494322fdc0643e30a89f
  > Building evil-snipe...
    INFO     Scraping files for loaddefs... 
    INFO     Scraping files for loaddefs...done
    GEN      evil-snipe-autoloads.el
  - Checked out evil-numbers: 7a1b62afc12da2b582bf84d722e7b10ca8b97065
  > Building evil-numbers...
    INFO     Scraping files for loaddefs... 
    INFO     Scraping files for loaddefs...done
    GEN      evil-numbers-autoloads.el
  - Checked out evil-nerd-commenter: 8c0f23d46a3927b9f83c1c2c4590be53d0b740db
  > Building evil-nerd-commenter...
    INFO     Scraping files for loaddefs... 
    INFO     Scraping files for loaddefs...done
    GEN      evil-nerd-commenter-autoloads.el
  - Checked out evil-lion: a55eb647422342f6b1cf867f797b060b3645d9d8
  > Building evil-lion...
    INFO     Scraping files for loaddefs... 
    INFO     Scraping files for loaddefs...done
    GEN      evil-lion-autoloads.el
  - Checked out evil-indent-plus: b4dacbfdb57f474f798bfbf5026d434d549eb65c
  > Building evil-indent-plus...
    INFO     Scraping files for loaddefs... 
    INFO     Scraping files for loaddefs...done
    GEN      evil-indent-plus-autoloads.el
  - Checked out evil-exchange: 5f0a2d41434c17c6fb02e4f744043775de1c63a2
  > Building evil-exchange...
    INFO     Scraping files for loaddefs... 
    INFO     Scraping files for loaddefs...done
    GEN      evil-exchange-autoloads.el
  - Checked out evil-escape: 819f1ee1cf3f69a1ae920e6004f2c0baeebbe077
  > Building evil-escape...
    INFO     Scraping files for loaddefs... 
    INFO     Scraping files for loaddefs...done
    GEN      evil-escape-autoloads.el
  > Building evil-embrace...
  > Building evil-embrace > Building embrace...
  > Building evil-embrace > Building embrace > Building expand-region...
    INFO     Scraping files for loaddefs... 
    INFO     Scraping files for loaddefs...done
    GEN      expand-region-autoloads.el
  > Building evil-embrace > Building embrace...
    INFO     Scraping files for loaddefs... 
    INFO     Scraping files for loaddefs...done
    GEN      embrace-autoloads.el
  > Building evil-embrace...
    INFO     Scraping files for loaddefs... 
    INFO     Scraping files for loaddefs...done
    GEN      evil-embrace-autoloads.el
  - Checked out evil-easymotion: f96c2ed38ddc07908db7c3c11bcd6285a3e8c2e9
  > Building evil-easymotion...
  - Checked out avy: 955c8dedd68c74f3cf692c1249513f048518c4c9
  > Building evil-easymotion > Building avy...
    INFO     Scraping files for loaddefs... 
    INFO     Scraping files for loaddefs...done
    GEN      avy-autoloads.el
  > Building evil-easymotion...
    INFO     Scraping files for loaddefs... 
    INFO     Scraping files for loaddefs...done
    GEN      evil-easymotion-autoloads.el
  - Checked out evil-args: 2671071a4a57eaee7cc8c27b9e4b6fc60fd2ccd3
  > Building evil-args...
    INFO     Scraping files for loaddefs... 
    INFO     Scraping files for loaddefs...done
    GEN      evil-args-autoloads.el
  - Checked out evil-vimish-fold: b6e0e6b91b8cd047e80debef1a536d9d49eef31a
  > Building evil-vimish-fold...
  - Checked out vimish-fold: a6501cbfe3db791f9ca17fd986c7202a87f3adb8
  > Building evil-vimish-fold > Building vimish-fold...
    INFO     Scraping files for loaddefs... 
    INFO     Scraping files for loaddefs...done
    GEN      vimish-fold-autoloads.el
  > Building evil-vimish-fold...
    INFO     Scraping files for loaddefs... 
    INFO     Scraping files for loaddefs...done
    GEN      evil-vimish-fold-autoloads.el
  > Building doom-snippets...
  - Checked out yasnippet: 5cbdbf0d2015540c59ed8ee0fcf4788effdf75b6
  > Building doom-snippets > Building yasnippet...
    INFO     Scraping files for loaddefs... 
    INFO     Scraping files for loaddefs...done
    GEN      yasnippet-autoloads.el
  > Building doom-snippets...
    INFO     Scraping files for loaddefs... 
    INFO     Scraping files for loaddefs...done
    GEN      doom-snippets-autoloads.el
  - Checked out auto-yasnippet: 6a9e406d0d7f9dfd6dff7647f358cb05a0b1637e
  > Building auto-yasnippet...
    INFO     Scraping files for loaddefs... 
    INFO     Scraping files for loaddefs...done
    GEN      auto-yasnippet-autoloads.el
  - Checked out fd-dired: 458464771bb220b6eb87ccfd4c985c436e57dc7e
  > Building fd-dired...
    INFO     Scraping files for loaddefs... 
    INFO     Scraping files for loaddefs...done
    GEN      fd-dired-autoloads.el
  - Checked out dired-rsync: 7940d9154d0a908693999b0e1ea351a6d365c93d
  > Building dired-rsync...
    INFO     Scraping files for loaddefs... 
    INFO     Scraping files for loaddefs...done
    GEN      dired-rsync-autoloads.el
  - Checked out dired-git-info: 9461476a28a5fec0784260f6e318237c662c3430
  > Building dired-git-info...
    INFO     Scraping files for loaddefs... 
    INFO     Scraping files for loaddefs...done
    GEN      dired-git-info-autoloads.el
  - Checked out diredfl: f9140b2c42151dca669003d685c9f079b2e3dc37
  > Building diredfl...
    INFO     Scraping files for loaddefs... 
    INFO     Scraping files for loaddefs...done
    GEN      diredfl-autoloads.el
  - Checked out vundo: 26c929229ae03b8d942907541f0844988b36d0ce
  > Building vundo...
    INFO     Scraping files for loaddefs... 
    INFO     Scraping files for loaddefs...done
    GEN      vundo-autoloads.el
  > Building undo-fu-session...
    INFO     Scraping files for loaddefs... 
    INFO     Scraping files for loaddefs...done
    GEN      undo-fu-session-autoloads.el
  > Building undo-fu...
    INFO     Scraping files for loaddefs... 
    INFO     Scraping files for loaddefs...done
    GEN      undo-fu-autoloads.el
  - Checked out git-modes: f0a0154bf48dd1c0c587596cf4cfd3c90f673a05
  > Building git-modes...
    INFO     Scraping files for loaddefs... 
    INFO     Scraping files for loaddefs...done
    GEN      git-modes-autoloads.el
  - Checked out git-timemachine: d8ffd0d7cc4ab3dd7de494c9ea36dfd99e2744fa
  > Building git-timemachine...
  > Building git-timemachine > Building transient...
    INFO     Scraping files for loaddefs... 
    INFO     Scraping files for loaddefs...done
    GEN      transient-autoloads.el
  > Building git-timemachine...
    INFO     Scraping files for loaddefs... 
    INFO     Scraping files for loaddefs...done
    GEN      git-timemachine-autoloads.el
  > Building git-commit...
  > Building git-commit > Building with-editor...
    INFO     Scraping files for loaddefs... 
    INFO     Scraping files for loaddefs...done
    GEN      with-editor-autoloads.el
  > Building git-commit...
    INFO     Scraping files for loaddefs... 
    INFO     Scraping files for loaddefs...done
    GEN      git-commit-autoloads.el
  - Checked out browse-at-remote: c020975a891438e278ad1855213d4f3d62c9fccb
  > Building browse-at-remote...
    INFO     Scraping files for loaddefs... 
    INFO     Scraping files for loaddefs...done
    GEN      browse-at-remote-autoloads.el
  - Checked out flycheck-popup-tip: ef86aad907f27ca076859d8d9416f4f7727619c6
  > Building flycheck-popup-tip...
  > Building flycheck-popup-tip > Building popup...
    INFO     Scraping files for loaddefs... 
    INFO     Scraping files for loaddefs...done
  > Building flycheck-popup-tip...
    INFO     Scraping files for loaddefs... 
    INFO     Scraping files for loaddefs...done
    GEN      flycheck-popup-tip-autoloads.el
  - Checked out eros: dd8910279226259e100dab798b073a52f9b4233a
  > Building eros...
    INFO     Scraping files for loaddefs... 
    INFO     Scraping files for loaddefs...done
    GEN      eros-autoloads.el
  - Checked out quickrun: 7a89313c07a21eae9cd69a1a98e2a134d559e04f
  > Building quickrun...
  > Building quickrun > Building ht...
    INFO     Scraping files for loaddefs... 
    INFO     Scraping files for loaddefs...done
  > Building quickrun...
    INFO     Scraping files for loaddefs... 
    INFO     Scraping files for loaddefs...done
    GEN      quickrun-autoloads.el
  > Building request...
    INFO     Scraping files for loaddefs... 
    INFO     Scraping files for loaddefs...done
    GEN      request-autoloads.el
  - Checked out dumb-jump: d9503c157ab88f0ed2fa1301aeb57e95ac564760
  > Building dumb-jump...
    INFO     Scraping files for loaddefs... 
    INFO     Scraping files for loaddefs...done
    GEN      dumb-jump-autoloads.el
  - Checked out magit-todos: c6f3fd03aa5b750636c2647253f21cc03329566c
  > Building magit-todos...
  > Building magit-todos > Building async...
    INFO     Scraping files for loaddefs... 
    INFO     Scraping files for loaddefs...done
    GEN      async-autoloads.el
  - Checked out magit: 97a95f70079b6613bf98d2306279d3e03fe51234
  > Building magit-todos > Building magit...
  > Building magit-todos > Building magit > Building magit-section...
    INFO     Scraping files for loaddefs... 
    INFO     Scraping files for loaddefs...done
  > Building magit-todos > Building magit...
    INFO     Scraping files for loaddefs... 
    INFO     Scraping files for loaddefs...done
    GEN      magit-autoloads.el
  - Checked out pcre2el: 38c6f80c787da547287db96b495e5b695ca0b4b8
  > Building magit-todos > Building pcre2el...
    INFO     Scraping files for loaddefs... 
    INFO     Scraping files for loaddefs...done
    GEN      pcre2el-autoloads.el
  > Building magit-todos...
    INFO     Scraping files for loaddefs... 
    INFO     Scraping files for loaddefs...done
    GEN      magit-todos-autoloads.el
  - Checked out ns-auto-titlebar: 60273e764bf8d95abc40dd2fdc23af87ea9ee33b
  > Building ns-auto-titlebar...
    INFO     Scraping files for loaddefs... 
    INFO     Scraping files for loaddefs...done
    GEN      ns-auto-titlebar-autoloads.el
  - Checked out osx-trash: 90f0c99206022fec646206018fcd63d9d2e57325
  > Building osx-trash...
    INFO     Scraping files for loaddefs... 
    INFO     Scraping files for loaddefs...done
    GEN      osx-trash-autoloads.el
  > Building buttercup...
    INFO     Scraping files for loaddefs... 
    INFO     Scraping files for loaddefs...done
    GEN      buttercup-autoloads.el
  - Checked out flycheck-cask: 4b2ede6362ded4a45678dfbef1876faa42edbd58
  > Building flycheck-cask...
    INFO     Scraping files for loaddefs... 
    INFO     Scraping files for loaddefs...done
    GEN      flycheck-cask-autoloads.el
  - Checked out flycheck-package: 3a6aaed29ff61418c48c0251e1432c30748ae739
  > Building flycheck-package...
  > Building flycheck-package > Building package-lint...
    INFO     Scraping files for loaddefs... 
    INFO     Scraping files for loaddefs...done
    GEN      package-lint-autoloads.el
  > Building flycheck-package...
    INFO     Scraping files for loaddefs... 
    INFO     Scraping files for loaddefs...done
    GEN      flycheck-package-autoloads.el
  - Checked out elisp-demos: 792be709c82101aea0585ece7429e2fdded74494
  > Building elisp-demos...
    INFO     Scraping files for loaddefs... 
    INFO     Scraping files for loaddefs...done
    GEN      elisp-demos-autoloads.el
  - Checked out elisp-def: 1d2e88a232ec16bce036b49577c4d4d96035f9f7
  > Building elisp-def...
    INFO     Scraping files for loaddefs... 
    INFO     Scraping files for loaddefs...done
    GEN      elisp-def-autoloads.el
  > Building overseer...
    INFO     Scraping files for loaddefs... 
  overseer: Warning: Use keywords rather than deprecated positional arguments to `define-minor-mode'
    INFO     Scraping files for loaddefs...done
    GEN      overseer-autoloads.el
  - Checked out macrostep: 75ecd041219239f0dceab4883594ea2fe366b484
  > Building macrostep...
    INFO     Scraping files for loaddefs... 
    INFO     Scraping files for loaddefs...done
    GEN      macrostep-autoloads.el
  - Checked out highlight-quoted: 24103478158cd19fbcfb4339a3f1fa1f054f1469
  > Building highlight-quoted...
    INFO     Scraping files for loaddefs... 
    INFO     Scraping files for loaddefs...done
    GEN      highlight-quoted-autoloads.el
  - Checked out evil-markdown: 8e6cc68af83914b2fa9fd3a3b8472573dbcef477
  > Building evil-markdown...
    INFO     Scraping files for loaddefs... 
    INFO     Scraping files for loaddefs...done
    GEN      evil-markdown-autoloads.el
  - Checked out edit-indirect: f80f63822ffae78de38dbe72cacaeb1aaa96c732
  > Building edit-indirect...
    INFO     Scraping files for loaddefs... 
    INFO     Scraping files for loaddefs...done
    GEN      edit-indirect-autoloads.el
  - Checked out markdown-toc: 3d724e518a897343b5ede0b976d6fb46c46bcc01
  > Building markdown-toc...
  - Checked out markdown-mode: c765b73b370f0fcaaa3cee28b2be69652e2d2c39
  > Building markdown-toc > Building markdown-mode...
    INFO     Scraping files for loaddefs... 
    INFO     Scraping files for loaddefs...done
    GEN      markdown-mode-autoloads.el
  > Building markdown-toc...
    INFO     Scraping files for loaddefs... 
    INFO     Scraping files for loaddefs...done
    GEN      markdown-toc-autoloads.el
  - Checked out ob-async: 9aac486073f5c356ada20e716571be33a350a982
  > Building ob-async...
  - Checked out org: d6f3aed7b1b01df7b092a47099205847b34fdd37
  > Building ob-async > Building org...
    INFO     Scraping files for loaddefs... 
    INFO     Scraping files for loaddefs...72% 
    INFO     Scraping files for loaddefs...done
    GEN      org-autoloads.el
  > Building ob-async...
    INFO     Scraping files for loaddefs... 
    INFO     Scraping files for loaddefs...done
    GEN      ob-async-autoloads.el
  - Checked out orgit: 4a585029875a1dbbe96d8ac157bd2fd02875f289
  > Building orgit...
    INFO     Scraping files for loaddefs... 
    INFO     Scraping files for loaddefs...done
    GEN      orgit-autoloads.el
  > Building evil-org...
    INFO     Scraping files for loaddefs... 
    INFO     Scraping files for loaddefs...done
    GEN      evil-org-autoloads.el
  - Checked out org-mac-link: 3a30a937e135a6637a5126e2ac096b6c90584045
  > Building org-mac-link...
    INFO     Scraping files for loaddefs... 
    INFO     Scraping files for loaddefs...done
    GEN      org-mac-link-autoloads.el
  - Checked out org-cliplink: 13e0940b65d22bec34e2de4bc8cba1412a7abfbc
  > Building org-cliplink...
    INFO     Scraping files for loaddefs... 
    INFO     Scraping files for loaddefs...done
    GEN      org-cliplink-autoloads.el
  - Checked out toc-org: bf2e4b358efbd860ecafe6e74776de0885d9d100
  > Building toc-org...
    INFO     Scraping files for loaddefs... 
    INFO     Scraping files for loaddefs...done
    GEN      toc-org-autoloads.el
  - Checked out ox-clip: ff117cf3c619eef12eccc0ccbfa3f11adb73ea68
  > Building ox-clip...
  > Building ox-clip > Building htmlize...
    INFO     Scraping files for loaddefs... 
    INFO     Scraping files for loaddefs...done
    GEN      htmlize-autoloads.el
  > Building ox-clip...
    INFO     Scraping files for loaddefs... 
    INFO     Scraping files for loaddefs...done
    GEN      ox-clip-autoloads.el
  - Checked out org-yt: 158e20204cd952a77c1e561552f1cdbfb1a5acb6
  > Building org-yt...
    INFO     Scraping files for loaddefs... 
    INFO     Scraping files for loaddefs...done
  - Checked out org-contrib: 4ac1a280c740df121bcefb2ec99ddba945e857d3
  > Building org-contrib...
    INFO     Scraping files for loaddefs... 
    INFO     Scraping files for loaddefs...done
    GEN      org-contrib-autoloads.el
  - Checked out company-shell: 5f959a63a6e66eb0cbdac3168cad523a62cc2ccd
  > Building company-shell...
    INFO     Scraping files for loaddefs... 
    INFO     Scraping files for loaddefs...done
    GEN      company-shell-autoloads.el
  > Building link-hint...
    INFO     Scraping files for loaddefs... 
    INFO     Scraping files for loaddefs...done
    GEN      link-hint-autoloads.el
  > Building drag-stuff...
    INFO     Scraping files for loaddefs... 
    INFO     Scraping files for loaddefs...done
    GEN      drag-stuff-autoloads.el
  > Building which-key...
    INFO     Scraping files for loaddefs... 
    INFO     Scraping files for loaddefs...done
    GEN      which-key-autoloads.el
  > Building general...
    INFO     Scraping files for loaddefs... 
    INFO     Scraping files for loaddefs...done
    GEN      general-autoloads.el
  - Checked out projectile: e18ad4d6111eb9e975ccce028baf5e4bb786bfcf
  > Building projectile...
    INFO     Scraping files for loaddefs... 
    INFO     Scraping files for loaddefs...done
    GEN      projectile-autoloads.el
  - Checked out ws-butler: 572a10c11b6cb88293de48acbb59a059d36f9ba5
  > Building ws-butler...
    INFO     Scraping files for loaddefs... 
    INFO     Scraping files for loaddefs...done
    GEN      ws-butler-autoloads.el
  - Checked out smartparens: 7afd647395018a26633673ed92ce7a9cb3ccb8f2
  > Building smartparens...
    INFO     Scraping files for loaddefs... 
    INFO     Scraping files for loaddefs...done
    GEN      smartparens-autoloads.el
  - Checked out helpful: 94c25337b2de2f9da60914a7c0c6cca9584c0231
  > Building helpful...
  > Building helpful > Building elisp-refs...
    INFO     Scraping files for loaddefs... 
    INFO     Scraping files for loaddefs...done
    GEN      elisp-refs-autoloads.el
  > Building helpful...
    INFO     Scraping files for loaddefs... 
    INFO     Scraping files for loaddefs...done
    GEN      helpful-autoloads.el
  - Checked out dtrt-indent: d4fd1b4977eb0d534844fddf01c3c51c70c57205
  > Building dtrt-indent...
    INFO     Scraping files for loaddefs... 
    INFO     Scraping files for loaddefs...done
    GEN      dtrt-indent-autoloads.el
  - Checked out better-jumper: 47622213783ece37d5337dc28d33b530540fc319
  > Building better-jumper...
    INFO     Scraping files for loaddefs... 
    INFO     Scraping files for loaddefs...done
    GEN      better-jumper-autoloads.el
  - Checked out restart-emacs: 1607da2bc657fe05ae01f7fdf26f716eafead02c
  > Building restart-emacs...
    INFO     Scraping files for loaddefs... 
    INFO     Scraping files for loaddefs...done
    GEN      restart-emacs-autoloads.el
  - Checked out rainbow-delimiters: a32b39bdfe6c61c322c37226d66e1b6d4f107ed0
  > Building rainbow-delimiters...
    INFO     Scraping files for loaddefs... 
    INFO     Scraping files for loaddefs...done
    GEN      rainbow-delimiters-autoloads.el
  - Checked out highlight-numbers: 8b4744c7f46c72b1d3d599d4fb75ef8183dee307
  > Building highlight-numbers...
    INFO     Scraping files for loaddefs... 
    INFO     Scraping files for loaddefs...done
    GEN      highlight-numbers-autoloads.el
  > Building hide-mode-line...
    INFO     Scraping files for loaddefs... 
    INFO     Scraping files for loaddefs...done
    GEN      hide-mode-line-autoloads.el
  > Building all-the-icons...
    INFO     Scraping files for loaddefs... 
    INFO     Scraping files for loaddefs...done
    GEN      all-the-icons-autoloads.el
  > Building straight...
    INFO     Scraping files for loaddefs... 
    INFO     Scraping files for loaddefs...done
    GEN      straight-autoloads.el
  - Checked out explain-pause-mode: 2356c8c3639cbeeb9751744dbe737267849b4b51
  > Building explain-pause-mode...
    INFO     Scraping files for loaddefs... 
    INFO     Scraping files for loaddefs...done
    GEN      explain-pause-mode-autoloads.el
  - Checked out gcmh: 0089f9c3a6d4e9a310d0791cf6fa8f35642ecfd9
  > Building gcmh...
    INFO     Scraping files for loaddefs... 
    INFO     Scraping files for loaddefs...done
    GEN      gcmh-autoloads.el
  - Checked out auto-minor-mode: 17cfa1b54800fdef2975c0c0531dad34846a5065
  > Building auto-minor-mode...
    INFO     Scraping files for loaddefs... 
    INFO     Scraping files for loaddefs...done
    GEN      auto-minor-mode-autoloads.el
  - Checked out use-package: 77945e002f11440eae72d8730d3de218163d551e
  > Building use-package...
  > Building use-package > Building bind-key...
    INFO     Scraping files for loaddefs... 
    INFO     Scraping files for loaddefs...done
    GEN      bind-key-autoloads.el
  > Building use-package...
    INFO     Scraping files for loaddefs... 
    INFO     Scraping files for loaddefs...done
    GEN      use-package-autoloads.el
  ✓ Installed 136 packages
Regenerating autoloads files
> (Re)building profile in /Users/fanzhiwen/.config/emacs/.local/etc/@/...
  > Deleting old init files...
  > Generating 4 init files...
  > Byte-compiling ~/.config/emacs/.local/etc/@init.29.el...
  ✓ Built init.29.elc
Deploying commit-msg and pre-push git hooks
  * 76.505444:*:cli:call: (doom install) -> (doom ci deploy-hooks)
  * 76.505583:*:cli:context-parse: found command (doom)
  * 76.506085:*:cli:load: autoload /Users/fanzhiwen/.config/emacs/lisp/cli/ci.el
  * 76.506215:*:cli:load: ~/.config/emacs/lisp/cli/ci.el nil
  * 76.520154:*:cli:context-parse: found command (doom ci)
  * 76.520580:*:cli:context-parse: found command (doom ci deploy-hooks)
  * 76.521014:*:cli:context-execute: doom ci deploy-hooks
  * 76.521450:*:cli:execute: (:before) ((input) (context . #s(doom-cli-context (25814 30702 502462 0) 43249 0 (80 . 24) nil nil doom nil nil (doom ci deploy-hooks) nil (install) ((--hooks) (--fonts) (--install) (--env) (--config) (--eval) (-E) (--strict-load) (--load) (-L) (--color) (--benchmark) (--profile) (--pager) (--emacsdir) (--doomdir) (--verbose) (-v) (--debug) (-D) (--force) (-!)) ((t) ((doom ci deploy-hooks)) ((doom ci) deploy-hooks) ((doom) ci deploy-hooks))  *doom-cli stdin*  *doom-cli stdout*  *doom-cli stderr* nil)) (_) (evals) (loads) (color?) (bench?) (profile) (pager) (emacsdir) (doomdir) (verbose?) (debug?) (force?))
  * 76.521526:*:cli:execute: (doom ci deploy-hooks) ((force))
    ✓ Overwrote ~/.config/emacs/.git/hooks/commit-msg
    ✓ Overwrote ~/.config/emacs/.git/hooks/pre-push
Contacting host: raw.githubusercontent.com:443
Contacting host: raw.githubusercontent.com:443
Contacting host: raw.githubusercontent.com:443
Contacting host: raw.githubusercontent.com:443
Contacting host: raw.githubusercontent.com:443
Fonts downloaded, updating font cache... <fc-cache -f -v> 
 Successfully installed `all-the-icons' fonts to `/Users/fanzhiwen/Library/Fonts/'!
✓  Finished! Doom is ready to go!

But before you doom yourself, here are some things you should know:

1. Don't forget to run 'doom sync', then restart Emacs, after modifying init.el
   or packages.el in ~/.config/doom.

   This command ensures needed packages are installed, orphaned packages are
   removed, and your autoloads/cache files are up to date. When in doubt, run
   'doom sync'!

2. If something goes wrong, run `doom doctor`. It diagnoses common issues with
   your environment and setup, and may offer clues about what is wrong.

3. Use 'doom upgrade' to update Doom. Doing it any other way will require
   additional steps. Run 'doom help upgrade' to understand those extra steps.

4. Access Doom's documentation from within Emacs via 'SPC h d h' or 'C-h d h'
   (or 'M-x doom/help')

Have fun!

* 104.791211:*:cli:Finished (GCs: 2, elapsed: 0.946148s)
* 104.791211:*:cli:Finished (GCs: 2, elapsed: 0.946148s)
✓ Finished in 1m 44s
